<?xml version="1.0" encoding="UTF-8"?>
<testsuite name="com.sixstar.raidu.domain.users.UsersServiceTest" tests="2" skipped="0" failures="0" errors="0" timestamp="2024-08-05T02:16:35" hostname="DESKTOP-6ABJ64L" time="0.386">
  <properties/>
  <testcase name="testRegisterEmailAlreadyExists()" classname="com.sixstar.raidu.domain.users.UsersServiceTest" time="0.366"/>
  <testcase name="testRegisterSuccess()" classname="com.sixstar.raidu.domain.users.UsersServiceTest" time="0.015"/>
  <system-out><![CDATA[]]></system-out>
  <system-err><![CDATA[]]></system-err>
</testsuite>
