<?xml version="1.0" encoding="UTF-8"?>
<testsuite name="com.sixstar.raidu.RaiduApplicationTests" tests="1" skipped="0" failures="0" errors="0" timestamp="2024-08-05T02:16:34" hostname="DESKTOP-6ABJ64L" time="0.303">
  <properties/>
  <testcase name="contextLoads()" classname="com.sixstar.raidu.RaiduApplicationTests" time="0.303"/>
  <system-out><![CDATA[Standard Commons Logging discovery in action with spring-jcl: please remove commons-logging.jar from classpath in order to avoid potential conflicts
11:16:29.007 [Test worker] INFO org.springframework.test.context.support.AnnotationConfigContextLoaderUtils -- Could not detect default configuration classes for test class [com.sixstar.raidu.RaiduApplicationTests]: RaiduApplicationTests does not declare any static, non-private, non-final, nested classes annotated with @Configuration.
11:16:29.101 [Test worker] INFO org.springframework.boot.test.context.SpringBootTestContextBootstrapper -- Found @SpringBootConfiguration com.sixstar.raidu.RaiduApplication for test class com.sixstar.raidu.RaiduApplicationTests

  .   ____          _            __ _ _
 /\\ / ___'_ __ _ _(_)_ __  __ _ \ \ \ \
( ( )\___ | '_ | '_| | '_ \/ _` | \ \ \ \
 \\/  ___)| |_)| | | | | || (_| |  ) ) ) )
  '  |____| .__|_| |_|_| |_\__, | / / / /
 =========|_|==============|___/=/_/_/_/

 :: Spring Boot ::                (v3.3.2)

2024-08-05T11:16:29.408+09:00  INFO 15556 --- [    Test worker] c.sixstar.raidu.RaiduApplicationTests    : Starting RaiduApplicationTests using Java 17.0.12 with PID 15556 (started by SSAFY in C:\Users\SSAFY\Desktop\S11P12A108\backend)
2024-08-05T11:16:29.408+09:00  INFO 15556 --- [    Test worker] c.sixstar.raidu.RaiduApplicationTests    : The following 1 profile is active: "dev"
2024-08-05T11:16:29.438+09:00 DEBUG 15556 --- [    Test worker] o.s.w.c.s.GenericWebApplicationContext   : Refreshing org.springframework.web.context.support.GenericWebApplicationContext@540dbda9
2024-08-05T11:16:30.087+09:00  INFO 15556 --- [    Test worker] .s.d.r.c.RepositoryConfigurationDelegate : Bootstrapping Spring Data JPA repositories in DEFAULT mode.
2024-08-05T11:16:30.171+09:00  INFO 15556 --- [    Test worker] .s.d.r.c.RepositoryConfigurationDelegate : Finished Spring Data repository scanning in 81 ms. Found 16 JPA repository interfaces.
2024-08-05T11:16:30.789+09:00  INFO 15556 --- [    Test worker] o.hibernate.jpa.internal.util.LogHelper  : HHH000204: Processing PersistenceUnitInfo [name: default]
2024-08-05T11:16:30.858+09:00  INFO 15556 --- [    Test worker] org.hibernate.Version                    : HHH000412: Hibernate ORM core version 6.5.2.Final
2024-08-05T11:16:30.889+09:00  INFO 15556 --- [    Test worker] o.h.c.internal.RegionFactoryInitiator    : HHH000026: Second-level cache disabled
2024-08-05T11:16:31.128+09:00  INFO 15556 --- [    Test worker] o.s.o.j.p.SpringPersistenceUnitInfo      : No LoadTimeWeaver setup: ignoring JPA class transformer
2024-08-05T11:16:31.143+09:00  INFO 15556 --- [    Test worker] com.zaxxer.hikari.HikariDataSource       : HikariPool-1 - Starting...
2024-08-05T11:16:31.344+09:00  INFO 15556 --- [    Test worker] com.zaxxer.hikari.pool.HikariPool        : HikariPool-1 - Added connection com.mysql.cj.jdbc.ConnectionImpl@2b6ee447
2024-08-05T11:16:31.344+09:00  INFO 15556 --- [    Test worker] com.zaxxer.hikari.HikariDataSource       : HikariPool-1 - Start completed.
2024-08-05T11:16:31.391+09:00  WARN 15556 --- [    Test worker] org.hibernate.orm.deprecation            : HHH90000025: MySQLDialect does not need to be specified explicitly using 'hibernate.dialect' (remove the property setting and it will be selected by default)
2024-08-05T11:16:32.331+09:00  INFO 15556 --- [    Test worker] o.h.e.t.j.p.i.JtaPlatformInitiator       : HHH000489: No JTA platform available (set 'hibernate.transaction.jta.platform' to enable JTA platform integration)
2024-08-05T11:16:32.431+09:00  INFO 15556 --- [    Test worker] j.LocalContainerEntityManagerFactoryBean : Initialized JPA EntityManagerFactory for persistence unit 'default'
2024-08-05T11:16:33.180+09:00  WARN 15556 --- [    Test worker] JpaBaseConfiguration$JpaWebConfiguration : spring.jpa.open-in-view is enabled by default. Therefore, database queries may be performed during view rendering. Explicitly configure spring.jpa.open-in-view to disable this warning
2024-08-05T11:16:33.217+09:00  INFO 15556 --- [    Test worker] r$InitializeUserDetailsManagerConfigurer : Global AuthenticationManager configured with UserDetailsService bean with name customUserDetailService
2024-08-05T11:16:33.349+09:00 DEBUG 15556 --- [    Test worker] o.s.w.s.s.s.WebSocketHandlerMapping      : Patterns [/api/ws/**] in 'stompWebSocketHandlerMapping'
2024-08-05T11:16:33.481+09:00 DEBUG 15556 --- [    Test worker] s.w.s.m.m.a.RequestMappingHandlerMapping : 20 mappings in 'requestMappingHandlerMapping'
2024-08-05T11:16:34.172+09:00 DEBUG 15556 --- [    Test worker] o.s.w.s.handler.SimpleUrlHandlerMapping  : Patterns [/webjars/**, /**, /swagger-ui*/*swagger-initializer.js, /swagger-ui*/**] in 'resourceHandlerMapping'
2024-08-05T11:16:34.219+09:00 DEBUG 15556 --- [    Test worker] o.s.s.web.DefaultSecurityFilterChain     : Will secure any request with filters: DisableEncodeUrlFilter, WebAsyncManagerIntegrationFilter, SecurityContextHolderFilter, CorsFilter, SecurityExceptionHandlerFilter, JWTFilter, LoginFilter, RequestCacheAwareFilter, SecurityContextHolderAwareRequestFilter, AnonymousAuthenticationFilter, SessionManagementFilter, ExceptionTranslationFilter, AuthorizationFilter
2024-08-05T11:16:34.298+09:00 DEBUG 15556 --- [    Test worker] .WebSocketAnnotationMethodMessageHandler : 
	c.s.r.d.m.c.MainpageController:
	
2024-08-05T11:16:34.298+09:00 DEBUG 15556 --- [    Test worker] .WebSocketAnnotationMethodMessageHandler : 
	c.s.r.d.r.c.RoomController:
	
2024-08-05T11:16:34.313+09:00 DEBUG 15556 --- [    Test worker] .WebSocketAnnotationMethodMessageHandler : 
	c.s.r.d.r.c.SocketController:
	{[MESSAGE],[/message]}: sendMessage(Map)
	{[MESSAGE],[/ready]}: setReady(Map)
2024-08-05T11:16:34.313+09:00 DEBUG 15556 --- [    Test worker] .WebSocketAnnotationMethodMessageHandler : 
	c.s.r.d.u.c.UserpageController:
	
2024-08-05T11:16:34.313+09:00 DEBUG 15556 --- [    Test worker] .WebSocketAnnotationMethodMessageHandler : 
	c.s.r.d.u.c.UsersController:
	
2024-08-05T11:16:34.313+09:00 DEBUG 15556 --- [    Test worker] .WebSocketAnnotationMethodMessageHandler : 
	o.s.b.a.w.s.e.BasicErrorController:
	
2024-08-05T11:16:34.313+09:00 DEBUG 15556 --- [    Test worker] .WebSocketAnnotationMethodMessageHandler : 
	o.s.w.a.OpenApiWebMvcResource:
	
2024-08-05T11:16:34.313+09:00 DEBUG 15556 --- [    Test worker] .WebSocketAnnotationMethodMessageHandler : 
	o.s.w.u.SwaggerWelcomeWebMvc:
	
2024-08-05T11:16:34.313+09:00 DEBUG 15556 --- [    Test worker] .WebSocketAnnotationMethodMessageHandler : 
	o.s.w.u.SwaggerConfigResource:
	
2024-08-05T11:16:34.498+09:00 DEBUG 15556 --- [    Test worker] s.w.s.m.m.a.RequestMappingHandlerAdapter : ControllerAdvice beans: 0 @ModelAttribute, 0 @InitBinder, 1 RequestBodyAdvice, 1 ResponseBodyAdvice
2024-08-05T11:16:34.552+09:00 DEBUG 15556 --- [    Test worker] .m.m.a.ExceptionHandlerExceptionResolver : ControllerAdvice beans: 2 @ExceptionHandler, 1 ResponseBodyAdvice
2024-08-05T11:16:34.837+09:00 DEBUG 15556 --- [    Test worker] org.springframework.web.SimpLogging      : clientOutboundChannel added SubProtocolWebSocketHandler[StompSubProtocolHandler[v10.stomp, v11.stomp, v12.stomp]]
2024-08-05T11:16:34.837+09:00 DEBUG 15556 --- [    Test worker] org.springframework.web.SimpLogging      : clientInboundChannel added WebSocketAnnotationMethodMessageHandler[prefixes=[/pub/]]
2024-08-05T11:16:34.837+09:00  INFO 15556 --- [    Test worker] o.s.m.s.b.SimpleBrokerMessageHandler     : Starting...
2024-08-05T11:16:34.837+09:00 DEBUG 15556 --- [    Test worker] org.springframework.web.SimpLogging      : clientInboundChannel added SimpleBrokerMessageHandler [org.springframework.messaging.simp.broker.DefaultSubscriptionRegistry@b09df69]
2024-08-05T11:16:34.837+09:00 DEBUG 15556 --- [    Test worker] org.springframework.web.SimpLogging      : brokerChannel added SimpleBrokerMessageHandler [org.springframework.messaging.simp.broker.DefaultSubscriptionRegistry@b09df69]
2024-08-05T11:16:34.837+09:00  INFO 15556 --- [    Test worker] o.s.m.s.b.SimpleBrokerMessageHandler     : BrokerAvailabilityEvent[available=true, SimpleBrokerMessageHandler [org.springframework.messaging.simp.broker.DefaultSubscriptionRegistry@b09df69]]
2024-08-05T11:16:34.837+09:00  INFO 15556 --- [    Test worker] o.s.m.s.b.SimpleBrokerMessageHandler     : Started.
2024-08-05T11:16:34.837+09:00 DEBUG 15556 --- [    Test worker] org.springframework.web.SimpLogging      : clientInboundChannel added UserDestinationMessageHandler[DefaultUserDestinationResolver[prefix=/user/]]
2024-08-05T11:16:34.837+09:00 DEBUG 15556 --- [    Test worker] org.springframework.web.SimpLogging      : brokerChannel added UserDestinationMessageHandler[DefaultUserDestinationResolver[prefix=/user/]]
2024-08-05T11:16:34.868+09:00  INFO 15556 --- [    Test worker] c.sixstar.raidu.RaiduApplicationTests    : Started RaiduApplicationTests in 5.644 seconds (process running for 6.502)
]]></system-out>
  <system-err><![CDATA[]]></system-err>
</testsuite>
