<?xml version="1.0" encoding="UTF-8"?>
<testsuite name="com.sixstar.raidu.domain.users.UsersServiceTest" tests="2" skipped="0" failures="0" errors="0" timestamp="2024-08-01T00:51:28" hostname="DESKTOP-USLS0BK" time="1.649">
  <properties/>
  <testcase name="testRegisterEmailAlreadyExists()" classname="com.sixstar.raidu.domain.users.UsersServiceTest" time="1.61"/>
  <testcase name="testRegisterSuccess()" classname="com.sixstar.raidu.domain.users.UsersServiceTest" time="0.033"/>
  <system-out><![CDATA[]]></system-out>
  <system-err><![CDATA[]]></system-err>
</testsuite>
